<?xml version="1.0" encoding="UTF-8"?>
<testsuite name="ru.stqa.pft.addressbook.tests.GroupModificationTests" tests="1" skipped="0" failures="0" errors="0" timestamp="2021-11-16T15:15:07" hostname="ZHARSKAYA" time="0.947">
  <properties/>
  <testcase name="testGroupModification" classname="ru.stqa.pft.addressbook.tests.GroupModificationTests" time="0.947"/>
  <system-out><![CDATA[19:15:07.615 [Test worker] INFO  r.s.pft.addressbook.tests.TestBase - Start test testGroupModification with parameters []
Hibernate: select groupdata0_.group_id as group_id1_1_, groupdata0_.group_footer as group_fo2_1_, groupdata0_.group_header as group_he3_1_, groupdata0_.group_name as group_na4_1_ from group_list groupdata0_
Hibernate: select groupdata0_.group_id as group_id1_1_, groupdata0_.group_footer as group_fo2_1_, groupdata0_.group_header as group_he3_1_, groupdata0_.group_name as group_na4_1_ from group_list groupdata0_
Hibernate: select groupdata0_.group_id as group_id1_1_, groupdata0_.group_footer as group_fo2_1_, groupdata0_.group_header as group_he3_1_, groupdata0_.group_name as group_na4_1_ from group_list groupdata0_
19:15:08.854 [Test worker] INFO  r.s.pft.addressbook.tests.TestBase - Stop test testGroupModification
]]></system-out>
  <system-err><![CDATA[]]></system-err>
</testsuite>
