<?xml version="1.0" encoding="UTF-8"?>
<testsuite name="ru.stqa.pft.addressbook.tests.ContactCreateTest" tests="1" skipped="0" failures="0" errors="0" timestamp="2021-09-27T18:31:48" hostname="ZHARSKAYA" time="1.51">
  <properties/>
  <testcase name="testCreateContact" classname="ru.stqa.pft.addressbook.tests.ContactCreateTest" time="1.51"/>
  <system-out><![CDATA[]]></system-out>
  <system-err><![CDATA[]]></system-err>
</testsuite>
