<?xml version="1.0" encoding="UTF-8"?>
<testsuite name="ru.stqa.pft.addressbook.tests.GroupCreationTest" tests="3" skipped="0" failures="0" errors="0" timestamp="2021-10-12T17:28:32" hostname="ZHARSKAYA" time="7.314">
  <properties/>
  <testcase name="testGroupCreation[0](GroupData{id='2147483647', name='test 0'})" classname="ru.stqa.pft.addressbook.tests.GroupCreationTest" time="3.33"/>
  <testcase name="testGroupCreation[1](GroupData{id='2147483647', name='test 1'})" classname="ru.stqa.pft.addressbook.tests.GroupCreationTest" time="2.035"/>
  <testcase name="testGroupCreation[2](GroupData{id='2147483647', name='test 2'})" classname="ru.stqa.pft.addressbook.tests.GroupCreationTest" time="1.948"/>
  <system-out><![CDATA[]]></system-out>
  <system-err><![CDATA[]]></system-err>
</testsuite>
