<?xml version="1.0" encoding="UTF-8"?>
<testsuite name="ru.stqa.pft.addressbook.TestCreateGroupTest" tests="1" skipped="0" failures="0" errors="0" timestamp="2021-07-18T16:04:36" hostname="ZHARSKAYA" time="0.458">
  <properties/>
  <testcase name="testCreateGroup" classname="ru.stqa.pft.addressbook.TestCreateGroupTest" time="0.458"/>
  <system-out><![CDATA[]]></system-out>
  <system-err><![CDATA[]]></system-err>
</testsuite>
