<?xml version="1.0" encoding="UTF-8"?>
<testsuite name="ru.stqa.pft.addressbook.tests.GroupCreationTest" tests="3" skipped="0" failures="0" errors="0" timestamp="2021-10-18T17:22:12" hostname="ZHARSKAYA" time="9.593">
  <properties/>
  <testcase name="testGroupCreation[0](GroupData{id='2147483647', name='group 0'})" classname="ru.stqa.pft.addressbook.tests.GroupCreationTest" time="4.484"/>
  <testcase name="testGroupCreation[1](GroupData{id='2147483647', name='group 1'})" classname="ru.stqa.pft.addressbook.tests.GroupCreationTest" time="2.601"/>
  <testcase name="testGroupCreation[2](GroupData{id='2147483647', name='group 2'})" classname="ru.stqa.pft.addressbook.tests.GroupCreationTest" time="2.506"/>
  <system-out><![CDATA[]]></system-out>
  <system-err><![CDATA[]]></system-err>
</testsuite>
