<?xml version="1.0" encoding="UTF-8"?>
<testsuite name="ru.stqa.pft.addressbook.tests.DbConnectionTest" tests="1" skipped="0" failures="0" errors="0" timestamp="2021-10-21T16:56:43" hostname="ZHARSKAYA" time="0.253">
  <properties/>
  <testcase name="testDbConnection" classname="ru.stqa.pft.addressbook.tests.DbConnectionTest" time="0.253"/>
  <system-out><![CDATA[[GroupData{id='148', name='group 2'}, GroupData{id='93', name='test13'}, GroupData{id='97', name='test17'}, GroupData{id='131', name='group 0'}, GroupData{id='123', name='test1'}, GroupData{id='135', name='group 1'}, GroupData{id='86', name='test1'}, GroupData{id='118', name='test 1'}, GroupData{id='100', name='test20'}, GroupData{id='104', name='test24'}, GroupData{id='139', name='group 2'}, GroupData{id='143', name='group 0'}, GroupData{id='82', name='test2'}, GroupData{id='112', name='test2'}, GroupData{id='147', name='group 1'}, GroupData{id='108', name='test3'}, GroupData{id='151', name='group 2'}, GroupData{id='126', name='group 3'}, GroupData{id='122', name='group 0'}, GroupData{id='68', name='group2'}, GroupData{id='130', name='group 2'}, GroupData{id='64', name='group1'}, GroupData{id='92', name='test12'}, GroupData{id='96', name='test16'}, GroupData{id='134', name='group 0'}, GroupData{id='117', name='test 0'}, GroupData{id='121', name='test 4'}, GroupData{id='142', name='group 2'}, GroupData{id='103', name='test23'}, GroupData{id='138', name='group 1'}, GroupData{id='87', name='test1'}, GroupData{id='83', name='test2'}, GroupData{id='113', name='test3'}, GroupData{id='146', name='group 0'}, GroupData{id='109', name='test2'}, GroupData{id='116', name='test 2'}, GroupData{id='150', name='group 1'}, GroupData{id='125', name='group 2'}, GroupData{id='129', name='group 1'}, GroupData{id='91', name='test11'}, GroupData{id='95', name='test15'}, GroupData{id='99', name='test19'}, GroupData{id='133', name='group 2'}, GroupData{id='120', name='test 3'}, GroupData{id='141', name='group 1'}, GroupData{id='88', name='test1'}, GroupData{id='102', name='test22'}, GroupData{id='137', name='group 0'}, GroupData{id='145', name='group 2'}, GroupData{id='84', name='test2'}, GroupData{id='106', name='test1'}, GroupData{id='110', name='test3'}, GroupData{id='115', name='test 1'}, GroupData{id='149', name='group 0'}, GroupData{id='124', name='group 1'}, GroupData{id='128', name='group 0'}, GroupData{id='90', name='test10'}, GroupData{id='94', name='test14'}, GroupData{id='98', name='test18'}, GroupData{id='132', name='group 1'}, GroupData{id='89', name='test1'}, GroupData{id='136', name='group 2'}, GroupData{id='85', name='test0'}, GroupData{id='119', name='test 2'}, GroupData{id='140', name='group 0'}, GroupData{id='101', name='test21'}, GroupData{id='105', name='test25'}, GroupData{id='114', name='test1'}, GroupData{id='144', name='group 1'}]
]]></system-out>
  <system-err><![CDATA[]]></system-err>
</testsuite>
