<?xml version="1.0" encoding="UTF-8"?>
<testsuite name="ru.stqa.pft.addressbook.tests.CreateContactTest" tests="1" skipped="0" failures="0" errors="0" timestamp="2021-07-25T17:21:29" hostname="ZHARSKAYA" time="1.936">
  <properties/>
  <testcase name="testCreateContact" classname="ru.stqa.pft.addressbook.tests.CreateContactTest" time="1.936"/>
  <system-out><![CDATA[]]></system-out>
  <system-err><![CDATA[]]></system-err>
</testsuite>
