<?xml version="1.0" encoding="UTF-8"?>
<testsuite name="ru.stqa.pft.addressbook.tests.GroupCreationTest" tests="1" skipped="0" failures="0" errors="0" timestamp="2021-09-30T17:19:37" hostname="ZHARSKAYA" time="1.31">
  <properties/>
  <testcase name="testCreateGroup" classname="ru.stqa.pft.addressbook.tests.GroupCreationTest" time="1.31"/>
  <system-out><![CDATA[]]></system-out>
  <system-err><![CDATA[]]></system-err>
</testsuite>
