<?xml version="1.0" encoding="UTF-8"?>
<testsuite name="ru.stqa.pft.addressbook.tests.ContactDeletionTests" tests="1" skipped="0" failures="0" errors="0" timestamp="2021-09-27T07:03:26" hostname="ZHARSKAYA" time="1.947">
  <properties/>
  <testcase name="testContactDeletion" classname="ru.stqa.pft.addressbook.tests.ContactDeletionTests" time="1.947"/>
  <system-out><![CDATA[]]></system-out>
  <system-err><![CDATA[]]></system-err>
</testsuite>
