<?xml version="1.0" encoding="UTF-8"?>
<testsuite name="ru.stqa.pft.addressbook.tests.HbConnectionTest" tests="1" skipped="0" failures="0" errors="0" timestamp="2021-11-15T17:45:44" hostname="ZHARSKAYA" time="0.303">
  <properties/>
  <testcase name="testHbConnection" classname="ru.stqa.pft.addressbook.tests.HbConnectionTest" time="0.303"/>
  <system-out><![CDATA[21:45:43.107 [Test worker] INFO  org.hibernate.Version - HHH000412: Hibernate ORM core version 5.6.1.Final
21:45:43.608 [Test worker] INFO  o.h.annotations.common.Version - HCANN000001: Hibernate Commons Annotations {5.1.2.Final}
21:45:43.731 [Test worker] WARN  o.hibernate.orm.connections.pooling - HHH10001002: Using Hibernate built-in connection pool (not for production use!)
21:45:43.738 [Test worker] INFO  o.hibernate.orm.connections.pooling - HHH10001005: using driver [com.mysql.cj.jdbc.Driver] at URL [jdbc:mysql://localhost/addressbook]
21:45:43.739 [Test worker] INFO  o.hibernate.orm.connections.pooling - HHH10001001: Connection properties: {user=root, password=}
21:45:43.739 [Test worker] INFO  o.hibernate.orm.connections.pooling - HHH10001003: Autocommit mode: false
21:45:43.742 [Test worker] INFO  o.h.e.j.c.i.DriverManagerConnectionProviderImpl - HHH000115: Hibernate connection pool size: 1 (min=1)
21:45:43.910 [Test worker] INFO  org.hibernate.dialect.Dialect - HHH000400: Using dialect: org.hibernate.dialect.MySQLDialect
21:45:44.633 [Test worker] INFO  o.hibernate.orm.connections.access - HHH10001501: Connection obtained from JdbcConnectionAccess [org.hibernate.engine.jdbc.env.internal.JdbcEnvironmentInitiator$ConnectionProviderJdbcConnectionAccess@1d0217bb] for (non-JTA) DDL execution was not in auto-commit mode; the Connection 'local transaction' will be committed and the Connection will be set into auto-commit mode.
21:45:44.716 [Test worker] INFO  o.h.e.t.j.p.i.JtaPlatformInitiator - HHH000490: Using JtaPlatform implementation: [org.hibernate.engine.transaction.jta.platform.internal.NoJtaPlatform]
Hibernate: select contactdat0_.id as id1_0_, contactdat0_.firstname as firstnam2_0_, contactdat0_.home as home3_0_, contactdat0_.lastname as lastname4_0_, contactdat0_.mobile as mobile5_0_, contactdat0_.photo as photo6_0_, contactdat0_.work as work7_0_ from addressbook contactdat0_ where deprecated='0000-00-00'
ContactData{id=64, firstname='Testq1', lastname='Testq1'}
ContactData{id=65, firstname='Testq1', lastname='Testq1'}
ContactData{id=80, firstname='Testq1', lastname='Testq1'}
ContactData{id=81, firstname='test1', lastname='test2'}
ContactData{id=82, firstname='test1', lastname='test2'}
ContactData{id=83, firstname='test1', lastname='test2'}
ContactData{id=84, firstname='test133', lastname='test233'}
ContactData{id=85, firstname='test133', lastname='test233'}
ContactData{id=86, firstname='test133', lastname='test233'}
ContactData{id=87, firstname='firstname 0', lastname='lastname 0'}
ContactData{id=88, firstname='firstname 0', lastname='lastname 0'}
ContactData{id=89, firstname='Testq1', lastname='Testq1'}
ContactData{id=90, firstname='firstname 2', lastname='lastname 2'}
ContactData{id=91, firstname='firstname 0', lastname='lastname 0'}
ContactData{id=92, firstname='firstname 1', lastname='lastname 1'}
ContactData{id=93, firstname='firstname 2', lastname='lastname 2'}
ContactData{id=94, firstname='firstname 0', lastname='lastname 0'}
ContactData{id=95, firstname='firstname 1', lastname='lastname 1'}
ContactData{id=96, firstname='firstname 2', lastname='lastname 2'}
ContactData{id=97, firstname='firstname 0', lastname='lastname 0'}
ContactData{id=98, firstname='firstname 1', lastname='lastname 1'}
ContactData{id=99, firstname='firstname 2', lastname='lastname 2'}
ContactData{id=100, firstname='firstname 0', lastname='lastname 0'}
ContactData{id=101, firstname='firstname 1', lastname='lastname 1'}
ContactData{id=102, firstname='firstname 2', lastname='lastname 2'}
ContactData{id=103, firstname='firstname 0', lastname='lastname 0'}
ContactData{id=104, firstname='firstname 1', lastname='lastname 1'}
ContactData{id=105, firstname='firstname 2', lastname='lastname 2'}
ContactData{id=106, firstname='firstname 0', lastname='lastname 0'}
ContactData{id=107, firstname='firstname 1', lastname='lastname 1'}
ContactData{id=110, firstname='firstname 1', lastname='lastname 1'}
ContactData{id=113, firstname='firstname 1', lastname='lastname 1'}
ContactData{id=114, firstname='Testq1', lastname='Testq1'}
ContactData{id=115, firstname='firstname 0', lastname='lastname 0'}
ContactData{id=116, firstname='firstname 1', lastname='lastname 1'}
ContactData{id=117, firstname='firstname 2', lastname='lastname 2'}
ContactData{id=118, firstname='firstname 0', lastname='lastname 0'}
ContactData{id=119, firstname='firstname 1', lastname='lastname 1'}
]]></system-out>
  <system-err><![CDATA[]]></system-err>
</testsuite>
