<?xml version="1.0" encoding="UTF-8"?>
<testsuite name="ru.stqa.pft.addressbook.tests.ContactCreateTest" tests="1" skipped="0" failures="0" errors="0" timestamp="2021-10-11T16:16:30" hostname="ZHARSKAYA" time="35.439">
  <properties/>
  <testcase name="testCreateContact_withPhoto" classname="ru.stqa.pft.addressbook.tests.ContactCreateTest" time="35.439"/>
  <system-out><![CDATA[]]></system-out>
  <system-err><![CDATA[]]></system-err>
</testsuite>
